\BOOKMARK [0][-]{chapter.1}{\376\377\000T\000u\036\247\000n\000\040\0001\000:\000\040\000F\000i\000l\000e\000\040\000I\000/\000O\000\040\000+\000\040\000S\000t\000r\000i\000n\000g\000\040\000c\001\241\000\040\000b\036\243\000n\000\040\000+\000\040\000P\000i\000p\000e\000l\000i\000n\000e\000\040\000M\0000}{}% 1
\BOOKMARK [1][-]{section.1.1}{\376\377\001\020\036\315\000c\000\040\000v\000\340\000\040\001\021\036\277\000m\000\040\000d\000\362\000n\000g\000\040\000f\000i\000l\000e\000\040\000[\000C\001\241\000\040\000b\036\243\000n\000]}{chapter.1}% 2
\BOOKMARK [2][-]{subsection.1.1.1}{\376\377\000P\000h\000\342\000n\000\040\000t\000\355\000c\000h\000\040\000\046\000\040\000T\000h\000i\036\277\000t\000\040\000k\036\277\000\040\000\050\000M\0000\000\051}{section.1.1}% 3
\BOOKMARK [2][-]{subsection.1.1.2}{\376\377\000M\000\343\000\040\000n\000g\000u\036\323\000n\000\040\000C\000+\000+\0001\0001\000\040\000\050\000T\000\341\000c\000h\000\040\000m\000o\000d\000u\000l\000e\000\051}{section.1.1}% 4
\BOOKMARK [2][-]{subsection.1.1.3}{\376\377\000K\036\277\000\040\000h\000o\036\241\000c\000h\000\040\000k\000i\036\303\000m\000\040\000t\000h\036\355\000\040\000\050\000T\000e\000s\000t\000\040\000C\000a\000s\000e\000s\000\051}{section.1.1}% 5
\BOOKMARK [1][-]{section.1.2}{\376\377\000T\000\341\000c\000h\000\040\000t\000r\001\260\036\335\000n\000g\000\040\000C\000S\000V\000\040\0001\000\040\000h\000\340\000n\000g\000\040\000[\000C\001\241\000\040\000b\036\243\000n\000]}{chapter.1}% 6
\BOOKMARK [2][-]{subsection.1.2.1}{\376\377\000P\000h\000\342\000n\000\040\000t\000\355\000c\000h\000\040\000\046\000\040\000T\000h\000i\036\277\000t\000\040\000k\036\277\000\040\000\050\000M\0000\000\051}{section.1.2}% 7
\BOOKMARK [2][-]{subsection.1.2.2}{\376\377\000M\000\343\000\040\000n\000g\000u\036\323\000n\000\040\000C\000+\000+\0001\0001\000\040\000\050\000T\000\341\000c\000h\000\040\000m\000o\000d\000u\000l\000e\000\051}{section.1.2}% 8
\BOOKMARK [2][-]{subsection.1.2.3}{\376\377\000K\036\277\000\040\000h\000o\036\241\000c\000h\000\040\000k\000i\036\303\000m\000\040\000t\000h\036\355\000\040\000\050\000T\000e\000s\000t\000\040\000C\000a\000s\000e\000s\000\051}{section.1.2}% 9
\BOOKMARK [1][-]{section.1.3}{\376\377\000B\000\340\000i\000\040\0003\000.\000\040\000P\000h\000\341\000t\000\040\000h\000i\036\307\000n\000\040\000m\000i\000s\000s\000i\000n\000g\000\040\000t\000o\000k\000e\000n\000\040\000[\000C\001\241\000\040\000b\036\243\000n\000]}{chapter.1}% 10
\BOOKMARK [2][-]{subsection.1.3.1}{\376\377\000P\000h\000\342\000n\000\040\000t\000\355\000c\000h\000\040\000\046\000\040\000T\000h\000i\036\277\000t\000\040\000k\036\277\000\040\000\050\000M\0000\000\051}{section.1.3}% 11
\BOOKMARK [2][-]{subsection.1.3.2}{\376\377\000M\000\343\000\040\000n\000g\000u\036\323\000n\000\040\000C\000+\000+\0001\0001\000\040\000\050\000T\000\341\000c\000h\000\040\000m\000o\000d\000u\000l\000e\000\051}{section.1.3}% 12
\BOOKMARK [2][-]{subsection.1.3.3}{\376\377\000K\036\277\000\040\000h\000o\036\241\000c\000h\000\040\000k\000i\036\303\000m\000\040\000t\000h\036\355\000\040\000\050\000T\000e\000s\000t\000\040\000C\000a\000s\000e\000s\000\051}{section.1.3}% 13
\BOOKMARK [1][-]{section.1.4}{\376\377\000T\000h\036\321\000n\000g\000\040\000k\000\352\000\040\000c\036\331\000t\000\040\000s\036\321\000\040\000t\036\353\000\040\000C\000S\000V\000\040\000[\000T\000r\000u\000n\000g\000\040\000b\000\354\000n\000h\000]}{chapter.1}% 14
\BOOKMARK [2][-]{subsection.1.4.1}{\376\377\000P\000h\000\342\000n\000\040\000t\000\355\000c\000h\000\040\000\046\000\040\000T\000h\000i\036\277\000t\000\040\000k\036\277\000\040\000\050\000M\0000\000\051}{section.1.4}% 15
\BOOKMARK [2][-]{subsection.1.4.2}{\376\377\000M\000\343\000\040\000n\000g\000u\036\323\000n\000\040\000C\000+\000+\0001\0001\000\040\000\050\000T\000\341\000c\000h\000\040\000m\000o\000d\000u\000l\000e\000\051}{section.1.4}% 16
\BOOKMARK [2][-]{subsection.1.4.3}{\376\377\000K\036\277\000\040\000h\000o\036\241\000c\000h\000\040\000k\000i\036\303\000m\000\040\000t\000h\036\355\000\040\000\050\000T\000e\000s\000t\000\040\000C\000a\000s\000e\000s\000\051}{section.1.4}% 17
\BOOKMARK [1][-]{section.1.5}{\376\377\000G\000h\000i\000\040\000r\000e\000p\000o\000r\000t\000\040\000C\000S\000V\000\040\000n\000h\000i\036\301\000u\000\040\000c\036\331\000t\000\040\000[\000T\000r\000u\000n\000g\000\040\000b\000\354\000n\000h\000]}{chapter.1}% 18
\BOOKMARK [2][-]{subsection.1.5.1}{\376\377\000P\000h\000\342\000n\000\040\000t\000\355\000c\000h\000\040\000\046\000\040\000T\000h\000i\036\277\000t\000\040\000k\036\277\000\040\000\050\000M\0000\000\051}{section.1.5}% 19
\BOOKMARK [2][-]{subsection.1.5.2}{\376\377\000M\000\343\000\040\000n\000g\000u\036\323\000n\000\040\000C\000+\000+\0001\0001\000\040\000\050\000T\000\341\000c\000h\000\040\000m\000o\000d\000u\000l\000e\000\051}{section.1.5}% 20
\BOOKMARK [2][-]{subsection.1.5.3}{\376\377\000K\036\277\000\040\000h\000o\036\241\000c\000h\000\040\000k\000i\036\303\000m\000\040\000t\000h\036\355\000\040\000\050\000T\000e\000s\000t\000\040\000C\000a\000s\000e\000s\000\051}{section.1.5}% 21
\BOOKMARK [1][-]{section.1.6}{\376\377\001\020\036\277\000m\000\040\000t\036\353\000\040\000t\000r\000o\000n\000g\000\040\000f\000i\000l\000e\000\040\000t\000e\000x\000t\000\040\000[\000C\001\241\000\040\000b\036\243\000n\000]}{chapter.1}% 22
\BOOKMARK [2][-]{subsection.1.6.1}{\376\377\000P\000h\000\342\000n\000\040\000t\000\355\000c\000h\000\040\000\046\000\040\000T\000h\000i\036\277\000t\000\040\000k\036\277\000\040\000\050\000M\0000\000\051}{section.1.6}% 23
\BOOKMARK [2][-]{subsection.1.6.2}{\376\377\000M\000\343\000\040\000n\000g\000u\036\323\000n\000\040\000C\000+\000+\0001\0001\000\040\000\050\000T\000\341\000c\000h\000\040\000m\000o\000d\000u\000l\000e\000\051}{section.1.6}% 24
\BOOKMARK [2][-]{subsection.1.6.3}{\376\377\000K\036\277\000\040\000h\000o\036\241\000c\000h\000\040\000k\000i\036\303\000m\000\040\000t\000h\036\355\000\040\000\050\000T\000e\000s\000t\000\040\000C\000a\000s\000e\000s\000\051}{section.1.6}% 25
\BOOKMARK [1][-]{section.1.7}{\376\377\000K\000i\036\303\000m\000\040\000t\000r\000a\000\040\000f\000i\000l\000e\000\040\000C\000S\000V\000\040\000c\000\363\000\040\000h\000e\000a\000d\000e\000r\000\040\000[\000C\001\241\000\040\000b\036\243\000n\000]}{chapter.1}% 26
\BOOKMARK [2][-]{subsection.1.7.1}{\376\377\000P\000h\000\342\000n\000\040\000t\000\355\000c\000h\000\040\000\046\000\040\000T\000h\000i\036\277\000t\000\040\000k\036\277\000\040\000\050\000M\0000\000\051}{section.1.7}% 27
\BOOKMARK [2][-]{subsection.1.7.2}{\376\377\000M\000\343\000\040\000n\000g\000u\036\323\000n\000\040\000C\000+\000+\0001\0001\000\040\000\050\000T\000\341\000c\000h\000\040\000m\000o\000d\000u\000l\000e\000\051}{section.1.7}% 28
\BOOKMARK [2][-]{subsection.1.7.3}{\376\377\000K\036\277\000\040\000h\000o\036\241\000c\000h\000\040\000k\000i\036\303\000m\000\040\000t\000h\036\355\000\040\000\050\000T\000e\000s\000t\000\040\000C\000a\000s\000e\000s\000\051}{section.1.7}% 29
\BOOKMARK [1][-]{section.1.8}{\376\377\000L\036\315\000c\000\040\000d\000\362\000n\000g\000\040\000t\000h\000e\000o\000\040\001\021\000i\036\301\000u\000\040\000k\000i\036\307\000n\000\040\000[\000T\000r\000u\000n\000g\000\040\000b\000\354\000n\000h\000]}{chapter.1}% 30
\BOOKMARK [2][-]{subsection.1.8.1}{\376\377\000P\000h\000\342\000n\000\040\000t\000\355\000c\000h\000\040\000\046\000\040\000T\000h\000i\036\277\000t\000\040\000k\036\277\000\040\000\050\000M\0000\000\051}{section.1.8}% 31
\BOOKMARK [2][-]{subsection.1.8.2}{\376\377\000M\000\343\000\040\000n\000g\000u\036\323\000n\000\040\000C\000+\000+\0001\0001\000\040\000\050\000T\000\341\000c\000h\000\040\000m\000o\000d\000u\000l\000e\000\051}{section.1.8}% 32
\BOOKMARK [2][-]{subsection.1.8.3}{\376\377\000K\036\277\000\040\000h\000o\036\241\000c\000h\000\040\000k\000i\036\303\000m\000\040\000t\000h\036\355\000\040\000\050\000T\000e\000s\000t\000\040\000C\000a\000s\000e\000s\000\051}{section.1.8}% 33
\BOOKMARK [1][-]{section.1.9}{\376\377\000M\000e\000r\000g\000e\000\040\0002\000\040\000f\000i\000l\000e\000\040\000C\000S\000V\000\040\000t\000h\000e\000o\000\040\000i\000d\000\040\000[\000T\000r\000u\000n\000g\000\040\000b\000\354\000n\000h\000]}{chapter.1}% 34
\BOOKMARK [2][-]{subsection.1.9.1}{\376\377\000P\000h\000\342\000n\000\040\000t\000\355\000c\000h\000\040\000\046\000\040\000T\000h\000i\036\277\000t\000\040\000k\036\277\000\040\000\050\000M\0000\000\051}{section.1.9}% 35
\BOOKMARK [2][-]{subsection.1.9.2}{\376\377\000M\000\343\000\040\000n\000g\000u\036\323\000n\000\040\000C\000+\000+\0001\0001\000\040\000\050\000T\000\341\000c\000h\000\040\000m\000o\000d\000u\000l\000e\000\051}{section.1.9}% 36
\BOOKMARK [2][-]{subsection.1.9.3}{\376\377\000K\036\277\000\040\000h\000o\036\241\000c\000h\000\040\000k\000i\036\303\000m\000\040\000t\000h\036\355\000\040\000\050\000T\000e\000s\000t\000\040\000C\000a\000s\000e\000s\000\051}{section.1.9}% 37
\BOOKMARK [1][-]{section.1.10}{\376\377\000P\000h\000\342\000n\000\040\000t\000\355\000c\000h\000\040\000l\000o\000g\000\040\000f\000i\000l\000e\000\040\000[\000N\000\342\000n\000g\000\040\000c\000a\000o\000]}{chapter.1}% 38
\BOOKMARK [2][-]{subsection.1.10.1}{\376\377\000P\000h\000\342\000n\000\040\000t\000\355\000c\000h\000\040\000\046\000\040\000T\000h\000i\036\277\000t\000\040\000k\036\277\000\040\000\050\000M\0000\000\051}{section.1.10}% 39
\BOOKMARK [2][-]{subsection.1.10.2}{\376\377\000M\000\343\000\040\000n\000g\000u\036\323\000n\000\040\000C\000+\000+\0001\0001\000\040\000\050\000T\000\341\000c\000h\000\040\000m\000o\000d\000u\000l\000e\000\051}{section.1.10}% 40
\BOOKMARK [2][-]{subsection.1.10.3}{\376\377\000K\036\277\000\040\000h\000o\036\241\000c\000h\000\040\000k\000i\036\303\000m\000\040\000t\000h\036\355\000\040\000\050\000T\000e\000s\000t\000\040\000C\000a\000s\000e\000s\000\051}{section.1.10}% 41
